[2021-04-04T12:26:32.216Z] - [[32minfo[39m]: App connected and listening to the port : 8000
[2021-04-04T12:26:36.682Z] - [[32minfo[39m]: Calling UserService method findAll
[2021-04-04T12:26:46.691Z] - [[31merror[39m]: Operation `users.find()` buffering timed out after 10000ms
{"meta":{"req":{"url":"/user","headers":{"user-agent":"PostmanRuntime/7.26.8","accept":"*/*","postman-token":"8cde9dcc-550c-4214-8700-eb6949cd1902","host":"localhost:8000","accept-encoding":"gzip, deflate, br","connection":"keep-alive"},"method":"GET","httpVersion":"1.1","originalUrl":"/user","query":{}},"res":{"statusCode":500},"responseTime":10012},"level":"\u001b[32minfo\u001b[39m","message":"GET /user 500 10012ms","timestamp":"2021-04-04T12:26:46.695Z"}
[2021-04-04T12:27:02.290Z] - [[31merror[39m]: Unable to connect to the database !
[2021-04-04T12:28:20.278Z] - [[32minfo[39m]: Calling UserService method findAll
[2021-04-04T12:28:30.282Z] - [[31merror[39m]: Operation `users.find()` buffering timed out after 10000ms
{"meta":{"req":{"url":"/user","headers":{"user-agent":"PostmanRuntime/7.26.8","accept":"*/*","postman-token":"e3174f01-0ebd-4407-9767-1a1389780757","host":"localhost:8000","accept-encoding":"gzip, deflate, br","connection":"keep-alive"},"method":"GET","httpVersion":"1.1","originalUrl":"/user","query":{}},"res":{"statusCode":500},"responseTime":10005},"level":"\u001b[32minfo\u001b[39m","message":"GET /user 500 10005ms","timestamp":"2021-04-04T12:28:30.283Z"}
[2021-04-04T12:28:42.975Z] - [[32minfo[39m]: App connected and listening to the port : 8000
[2021-04-04T12:28:43.282Z] - [[32minfo[39m]: Connected to the database : skeleton
[2021-04-04T12:28:46.075Z] - [[32minfo[39m]: Calling UserService method findAll
{"meta":{"req":{"url":"/user","headers":{"user-agent":"PostmanRuntime/7.26.8","accept":"*/*","postman-token":"12ba3dc2-c2af-4511-ac37-43ba6f5c0b99","host":"localhost:8000","accept-encoding":"gzip, deflate, br","connection":"keep-alive"},"method":"GET","httpVersion":"1.1","originalUrl":"/user","query":{}},"res":{"statusCode":200},"responseTime":30},"level":"\u001b[32minfo\u001b[39m","message":"GET /user 200 30ms","timestamp":"2021-04-04T12:28:46.106Z"}
[2021-04-04T12:30:08.485Z] - [[32minfo[39m]: App connected and listening to the port : 8000
[2021-04-04T12:30:08.835Z] - [[32minfo[39m]: Connected to the database : skeleton
[2021-04-04T12:30:12.148Z] - [[32minfo[39m]: Calling UserService method findAll
{"meta":{"req":{"url":"/user","headers":{"user-agent":"PostmanRuntime/7.26.8","accept":"*/*","postman-token":"d2b618f9-8cc2-4be2-aed6-ce4b25e2b7b1","host":"localhost:8000","accept-encoding":"gzip, deflate, br","connection":"keep-alive"},"method":"GET","httpVersion":"1.1","originalUrl":"/user","query":{}},"res":{"statusCode":200},"responseTime":26},"level":"\u001b[32minfo\u001b[39m","message":"GET /user 200 26ms","timestamp":"2021-04-04T12:30:12.175Z"}
[2021-04-04T12:30:30.750Z] - [[32minfo[39m]: Calling UserService method create
[2021-04-04T12:30:30.764Z] - [[31merror[39m]: User validation failed: gender: `tractopele` is not a valid enum value for path `gender`.
{"meta":{"req":{"url":"/user","headers":{"content-type":"application/json","user-agent":"PostmanRuntime/7.26.8","accept":"*/*","postman-token":"90213ef5-9ee0-4b07-a1e4-ca3ab04d0b4b","host":"localhost:8000","accept-encoding":"gzip, deflate, br","connection":"keep-alive","content-length":"160"},"method":"POST","httpVersion":"1.1","originalUrl":"/user","query":{}},"res":{"statusCode":500},"responseTime":25},"level":"\u001b[32minfo\u001b[39m","message":"POST /user 500 25ms","timestamp":"2021-04-04T12:30:30.765Z"}
[2021-04-04T12:30:57.345Z] - [[32minfo[39m]: Calling UserService method create
{"meta":{"req":{"url":"/user","headers":{"content-type":"application/json","user-agent":"PostmanRuntime/7.26.8","accept":"*/*","postman-token":"15da7ee0-8c8b-4fd4-b3dc-6642d706f869","host":"localhost:8000","accept-encoding":"gzip, deflate, br","connection":"keep-alive","content-length":"161"},"method":"POST","httpVersion":"1.1","originalUrl":"/user","query":{}},"res":{"statusCode":200},"responseTime":33},"level":"\u001b[32minfo\u001b[39m","message":"POST /user 200 33ms","timestamp":"2021-04-04T12:30:57.379Z"}
[2021-04-04T12:30:57.379Z] - [[32minfo[39m]: User {"email":"romanito1.rp@gmail.com","password":"19b30fd027","name":"RomanitoX","age":24,"gender":"tractopelle","isActive":true,"userType":"admin"} created
[2021-04-04T12:31:02.259Z] - [[32minfo[39m]: Calling UserService method findAll
{"meta":{"req":{"url":"/user","headers":{"user-agent":"PostmanRuntime/7.26.8","accept":"*/*","postman-token":"9c4b25e3-46f4-4887-b7be-7c2543236fad","host":"localhost:8000","accept-encoding":"gzip, deflate, br","connection":"keep-alive"},"method":"GET","httpVersion":"1.1","originalUrl":"/user","query":{}},"res":{"statusCode":200},"responseTime":21},"level":"\u001b[32minfo\u001b[39m","message":"GET /user 200 21ms","timestamp":"2021-04-04T12:31:02.280Z"}
[2021-04-04T12:31:09.931Z] - [[32minfo[39m]: Calling UserService method findOne
{"meta":{"req":{"url":"/user/6069b181ea18080f60f27af6","headers":{"authorization":"Bearer eyJhbGciOiJIUzI1NiIsInR5cCI6IkpXVCJ9.eyJ1c2VySWQiOiI1ZjU2N2RjNWQxOWM0NDlkZThlYzRhM2UiLCJpYXQiOjE1OTk1Nzc4MTMsImV4cCI6MTU5OTY2NDIxM30.Djh0Fz2dwcAzENsslcl1sEzc8QhT4tludrmLfOwMwRA","user-agent":"PostmanRuntime/7.26.8","accept":"*/*","postman-token":"6d76cc3a-d72a-447e-867d-343cda4ac705","host":"localhost:8000","accept-encoding":"gzip, deflate, br","connection":"keep-alive"},"method":"GET","httpVersion":"1.1","originalUrl":"/user/6069b181ea18080f60f27af6","query":{}},"res":{"statusCode":200},"responseTime":21},"level":"\u001b[32minfo\u001b[39m","message":"GET /user/6069b181ea18080f60f27af6 200 21ms","timestamp":"2021-04-04T12:31:09.951Z"}
[2021-04-04T12:31:27.152Z] - [[32minfo[39m]: Calling UserService method remove
{"meta":{"req":{"url":"/user/6069b181ea18080f60f27af6","headers":{"user-agent":"PostmanRuntime/7.26.8","accept":"*/*","postman-token":"9e6a0d5b-4d0f-4242-9cee-a743c3527b92","host":"localhost:8000","accept-encoding":"gzip, deflate, br","connection":"keep-alive"},"method":"DELETE","httpVersion":"1.1","originalUrl":"/user/6069b181ea18080f60f27af6","query":{}},"res":{"statusCode":200},"responseTime":24},"level":"\u001b[32minfo\u001b[39m","message":"DELETE /user/6069b181ea18080f60f27af6 200 24ms","timestamp":"2021-04-04T12:31:27.176Z"}
[2021-04-04T12:31:27.176Z] - [[32minfo[39m]: User 6069b181ea18080f60f27af6 deleted
[2021-04-04T12:31:29.686Z] - [[32minfo[39m]: Calling UserService method create
{"meta":{"req":{"url":"/user","headers":{"content-type":"application/json","user-agent":"PostmanRuntime/7.26.8","accept":"*/*","postman-token":"f5b5771f-afc5-4071-9457-f94de4b31ea5","host":"localhost:8000","accept-encoding":"gzip, deflate, br","connection":"keep-alive","content-length":"159"},"method":"POST","httpVersion":"1.1","originalUrl":"/user","query":{}},"res":{"statusCode":200},"responseTime":30},"level":"\u001b[32minfo\u001b[39m","message":"POST /user 200 30ms","timestamp":"2021-04-04T12:31:29.717Z"}
[2021-04-04T12:31:29.717Z] - [[32minfo[39m]: User {"email":"romanito1.rp@gmail.com","password":"azerty27","name":"RomanitoX","age":24,"gender":"tractopelle","isActive":true,"userType":"admin"} created
[2021-04-04T12:31:33.677Z] - [[32minfo[39m]: Calling UserService method findOne
{"meta":{"req":{"url":"/user/6069b181ea18080f60f27af6","headers":{"authorization":"Bearer eyJhbGciOiJIUzI1NiIsInR5cCI6IkpXVCJ9.eyJ1c2VySWQiOiI1ZjU2N2RjNWQxOWM0NDlkZThlYzRhM2UiLCJpYXQiOjE1OTk1Nzc4MTMsImV4cCI6MTU5OTY2NDIxM30.Djh0Fz2dwcAzENsslcl1sEzc8QhT4tludrmLfOwMwRA","user-agent":"PostmanRuntime/7.26.8","accept":"*/*","postman-token":"9888c4c6-fcaa-40da-b5fb-0f3315e47c15","host":"localhost:8000","accept-encoding":"gzip, deflate, br","connection":"keep-alive"},"method":"GET","httpVersion":"1.1","originalUrl":"/user/6069b181ea18080f60f27af6","query":{}},"res":{"statusCode":404},"responseTime":19},"level":"\u001b[32minfo\u001b[39m","message":"GET /user/6069b181ea18080f60f27af6 404 19ms","timestamp":"2021-04-04T12:31:33.696Z"}
[2021-04-04T12:31:39.367Z] - [[32minfo[39m]: Calling UserService method findOne
{"meta":{"req":{"url":"/user/6069b1a1ea18080f60f27af7","headers":{"authorization":"Bearer eyJhbGciOiJIUzI1NiIsInR5cCI6IkpXVCJ9.eyJ1c2VySWQiOiI1ZjU2N2RjNWQxOWM0NDlkZThlYzRhM2UiLCJpYXQiOjE1OTk1Nzc4MTMsImV4cCI6MTU5OTY2NDIxM30.Djh0Fz2dwcAzENsslcl1sEzc8QhT4tludrmLfOwMwRA","user-agent":"PostmanRuntime/7.26.8","accept":"*/*","postman-token":"367b16e7-478e-4a9b-b67d-10f1e5b951cf","host":"localhost:8000","accept-encoding":"gzip, deflate, br","connection":"keep-alive"},"method":"GET","httpVersion":"1.1","originalUrl":"/user/6069b1a1ea18080f60f27af7","query":{}},"res":{"statusCode":200},"responseTime":19},"level":"\u001b[32minfo\u001b[39m","message":"GET /user/6069b1a1ea18080f60f27af7 200 19ms","timestamp":"2021-04-04T12:31:39.386Z"}
[2021-04-04T12:31:51.652Z] - [[32minfo[39m]: Calling AuthService method generateToken
{"meta":{"req":{"url":"/auth/login","headers":{"content-type":"application/json","user-agent":"PostmanRuntime/7.26.8","accept":"*/*","postman-token":"6b6e93c5-244f-4b31-a67b-c0ed691d6034","host":"localhost:8000","accept-encoding":"gzip, deflate, br","connection":"keep-alive","content-length":"62"},"method":"POST","httpVersion":"1.1","originalUrl":"/auth/login","query":{}},"res":{"statusCode":200},"responseTime":31},"level":"\u001b[32minfo\u001b[39m","message":"POST /auth/login 200 31ms","timestamp":"2021-04-04T12:31:51.682Z"}
[2021-04-04T12:32:04.623Z] - [[32minfo[39m]: Calling auth middleware function
{"meta":{"req":{"url":"/auth/ping","headers":{"authorization":"Bearer eyJhbGciOiJIUzI1NiIsInR5cCI6IkpXVCJ9.eyJ1c2VySWQiOiI1ZjViZTMzNzEzNWFiM2NkMTQ3M2ViNzEiLCJpYXQiOjE1OTk4NTc0ODYsImV4cCI6MTU5OTk0Mzg4Nn0.PBF0rXnzk3OqFbltUmiYBi5z3NeJgpijuMzSNBfBEyk","user-agent":"PostmanRuntime/7.26.8","accept":"*/*","postman-token":"14edaa72-6286-457d-a2fd-7d1c32191ca0","host":"localhost:8000","accept-encoding":"gzip, deflate, br","connection":"keep-alive"},"method":"GET","httpVersion":"1.1","originalUrl":"/auth/ping","query":{}},"res":{"statusCode":401},"responseTime":6},"level":"\u001b[32minfo\u001b[39m","message":"GET /auth/ping 401 6ms","timestamp":"2021-04-04T12:32:04.628Z"}
[2021-04-04T12:32:04.627Z] - [[31merror[39m]: Trying to request without token
[2021-04-04T12:32:17.513Z] - [[32minfo[39m]: Calling auth middleware function
{"meta":{"req":{"url":"/auth/ping","headers":{"authorization":"Bearer eyJhbGciOiJIUzI1NiIsInR5cCI6IkpXVCJ9.eyJ1c2VySWQiOiI2MDY5YjFhMWVhMTgwODBmNjBmMjdhZjciLCJ1c2VyVHlwZSI6ImFkbWluIiwiaWF0IjoxNjE3NTM5NTExLCJleHAiOjE2MTc2MjU5MTF9.NhOOqfvLxuw8VPM4zZpcUS4_uSNUvk-ZDb6EKmFRoXs","user-agent":"PostmanRuntime/7.26.8","accept":"*/*","postman-token":"9cf0a030-0f72-44dd-a40f-35f66f885c5a","host":"localhost:8000","accept-encoding":"gzip, deflate, br","connection":"keep-alive"},"method":"GET","httpVersion":"1.1","originalUrl":"/auth/ping","query":{}},"res":{"statusCode":200},"responseTime":1},"level":"\u001b[32minfo\u001b[39m","message":"GET /auth/ping 200 1ms","timestamp":"2021-04-04T12:32:17.515Z"}
[2021-04-04T12:32:17.514Z] - [[32minfo[39m]: Calling AuthService method ping
[2021-04-04T12:32:37.193Z] - [[32minfo[39m]: Calling auth middleware function
{"meta":{"req":{"url":"/article","headers":{"authorization":"Bearer eyJhbGciOiJIUzI1NiIsInR5cCI6IkpXVCJ9.eyJ1c2VySWQiOiI1ZjViZTMzNzEzNWFiM2NkMTQ3M2ViNzEiLCJpYXQiOjE1OTk5MzMwMTQsImV4cCI6MTYwMDAxOTQxNH0.tYolwVjXs9ZgCh2GSzFCYC2RWPN-cO0Rsh5aLJ6FlEw","content-type":"application/json","user-agent":"PostmanRuntime/7.26.8","accept":"*/*","postman-token":"a25096ad-eb9c-4a77-8737-b01d3fabbf1a","host":"localhost:8000","accept-encoding":"gzip, deflate, br","connection":"keep-alive","content-length":"1070"},"method":"POST","httpVersion":"1.1","originalUrl":"/article","query":{}},"res":{"statusCode":401},"responseTime":2},"level":"\u001b[32minfo\u001b[39m","message":"POST /article 401 2ms","timestamp":"2021-04-04T12:32:37.195Z"}
[2021-04-04T12:32:37.194Z] - [[31merror[39m]: Trying to request without token
[2021-04-04T12:32:48.048Z] - [[32minfo[39m]: Calling auth middleware function
[2021-04-04T12:32:48.048Z] - [[32minfo[39m]: Calling ArticleService method create
{"meta":{"req":{"url":"/article","headers":{"authorization":"Bearer eyJhbGciOiJIUzI1NiIsInR5cCI6IkpXVCJ9.eyJ1c2VySWQiOiI2MDY5YjFhMWVhMTgwODBmNjBmMjdhZjciLCJ1c2VyVHlwZSI6ImFkbWluIiwiaWF0IjoxNjE3NTM5NTExLCJleHAiOjE2MTc2MjU5MTF9.NhOOqfvLxuw8VPM4zZpcUS4_uSNUvk-ZDb6EKmFRoXs","content-type":"application/json","user-agent":"PostmanRuntime/7.26.8","accept":"*/*","postman-token":"c9e5de12-6ff8-4d3d-9751-0f9e754f264d","host":"localhost:8000","accept-encoding":"gzip, deflate, br","connection":"keep-alive","content-length":"1070"},"method":"POST","httpVersion":"1.1","originalUrl":"/article","query":{}},"res":{"statusCode":200},"responseTime":50},"level":"\u001b[32minfo\u001b[39m","message":"POST /article 200 50ms","timestamp":"2021-04-04T12:32:48.098Z"}
[2021-04-04T12:32:48.099Z] - [[32minfo[39m]: Article {"published":true,"title":"How to rape his own mom","content":"<p>Pellentesque habitant morbi tristique senectus et netus et malesuada fames ac turpis egestas. Vestibulum tortor quam, feugiat vitae, ultricies eget, tempor sit amet, ante. Donec eu libero sit amet quam egestas semper. Aenean ultricies mi vitae est. Mauris placerat eleifend leo. Quisque sit amet est et sapien ullamcorper pharetra. Vestibulum erat wisi, condimentum sed, commodo vitae, ornare sit amet, wisi. Aenean fermentum, elit eget tincidunt condimentum, eros ipsum rutrum orci, sagittis tempus lacus enim ac dui. Donec non enim in turpis pulvinar facilisis. Ut felis. Praesent dapibus, neque id cursus faucibus, tortor neque egestas augue, eu vulputate magna eros eu erat. Aliquam erat volutpat. Nam dui mi, tincidunt quis, accumsan porttitor, facilisis luctus, metus</p><ol><li>Lorem ipsum dolor sit amet, consectetuer adipiscing elit.</li><li>Aliquam tincidunt mauris eu risus.</li><li>Vestibulum auctor dapibus neque.</li></ol>","userId":"6069b1a1ea18080f60f27af7"} created
[2021-04-04T12:33:04.434Z] - [[32minfo[39m]: Calling auth middleware function
[2021-04-04T12:33:04.434Z] - [[32minfo[39m]: Calling ArticleService method create
{"meta":{"req":{"url":"/article","headers":{"authorization":"Bearer eyJhbGciOiJIUzI1NiIsInR5cCI6IkpXVCJ9.eyJ1c2VySWQiOiI2MDY5YjFhMWVhMTgwODBmNjBmMjdhZjciLCJ1c2VyVHlwZSI6ImFkbWluIiwiaWF0IjoxNjE3NTM5NTExLCJleHAiOjE2MTc2MjU5MTF9.NhOOqfvLxuw8VPM4zZpcUS4_uSNUvk-ZDb6EKmFRoXs","content-type":"application/json","user-agent":"PostmanRuntime/7.26.8","accept":"*/*","postman-token":"0723a63a-01db-4b25-a751-84b6c2e2dfee","host":"localhost:8000","accept-encoding":"gzip, deflate, br","connection":"keep-alive","content-length":"1058"},"method":"POST","httpVersion":"1.1","originalUrl":"/article","query":{}},"res":{"statusCode":200},"responseTime":23},"level":"\u001b[32minfo\u001b[39m","message":"POST /article 200 23ms","timestamp":"2021-04-04T12:33:04.458Z"}
[2021-04-04T12:33:04.458Z] - [[32minfo[39m]: Article {"published":true,"title":"Lorem Ipsum","content":"<p>Pellentesque habitant morbi tristique senectus et netus et malesuada fames ac turpis egestas. Vestibulum tortor quam, feugiat vitae, ultricies eget, tempor sit amet, ante. Donec eu libero sit amet quam egestas semper. Aenean ultricies mi vitae est. Mauris placerat eleifend leo. Quisque sit amet est et sapien ullamcorper pharetra. Vestibulum erat wisi, condimentum sed, commodo vitae, ornare sit amet, wisi. Aenean fermentum, elit eget tincidunt condimentum, eros ipsum rutrum orci, sagittis tempus lacus enim ac dui. Donec non enim in turpis pulvinar facilisis. Ut felis. Praesent dapibus, neque id cursus faucibus, tortor neque egestas augue, eu vulputate magna eros eu erat. Aliquam erat volutpat. Nam dui mi, tincidunt quis, accumsan porttitor, facilisis luctus, metus</p><ol><li>Lorem ipsum dolor sit amet, consectetuer adipiscing elit.</li><li>Aliquam tincidunt mauris eu risus.</li><li>Vestibulum auctor dapibus neque.</li></ol>","userId":"6069b1a1ea18080f60f27af7"} created
[2021-04-04T12:33:07.844Z] - [[32minfo[39m]: Calling ArticleService method findAll
{"meta":{"req":{"url":"/article","headers":{"user-agent":"PostmanRuntime/7.26.8","accept":"*/*","postman-token":"7295d23a-7bdb-4108-b7fb-8f41611d59b8","host":"localhost:8000","accept-encoding":"gzip, deflate, br","connection":"keep-alive"},"method":"GET","httpVersion":"1.1","originalUrl":"/article","query":{}},"res":{"statusCode":200},"responseTime":21},"level":"\u001b[32minfo\u001b[39m","message":"GET /article 200 21ms","timestamp":"2021-04-04T12:33:07.865Z"}
[2021-04-04T12:33:12.963Z] - [[32minfo[39m]: Calling ArticleService method remove
[2021-04-04T12:33:12.986Z] - [[32minfo[39m]: Calling CommentService method removeAllByArticleId
{"meta":{"req":{"url":"/article/6069b1f0ea18080f60f27af8","headers":{"authorization":"Bearer eyJhbGciOiJIUzI1NiIsInR5cCI6IkpXVCJ9.eyJ1c2VySWQiOiI1ZjViZTMzNzEzNWFiM2NkMTQ3M2ViNzEiLCJpYXQiOjE1OTk5MzMwMTQsImV4cCI6MTYwMDAxOTQxNH0.tYolwVjXs9ZgCh2GSzFCYC2RWPN-cO0Rsh5aLJ6FlEw","user-agent":"PostmanRuntime/7.26.8","accept":"*/*","postman-token":"4a622e76-0938-418f-8e93-ec6048131da8","host":"localhost:8000","accept-encoding":"gzip, deflate, br","connection":"keep-alive"},"method":"DELETE","httpVersion":"1.1","originalUrl":"/article/6069b1f0ea18080f60f27af8","query":{}},"res":{"statusCode":200},"responseTime":24},"level":"\u001b[32minfo\u001b[39m","message":"DELETE /article/6069b1f0ea18080f60f27af8 200 24ms","timestamp":"2021-04-04T12:33:12.987Z"}
[2021-04-04T12:33:12.988Z] - [[32minfo[39m]: Article 6069b1f0ea18080f60f27af8 deleted
[2021-04-04T12:33:13.025Z] - [[32minfo[39m]: No Comments for 6069b1f0ea18080f60f27af8
[2021-09-07T09:36:26.380Z] - [[32minfo[39m]: App connected and listening to the port : 8000
[2021-09-07T09:36:26.408Z] - [[31merror[39m]: Unable to connect to the database !
